{"body":"{\"Event\":{\"xmlns\":\"http://schemas.microsoft.com/win/2004/08/events/event\",\"System\":{\"Provider\":{\"Name\":\"Microsoft-Windows-Sysmon\",\"Guid\":\"{5770385f-c22a-43e0-bf4c-06f5698ffbd9}\"},\"EventID\":\"17\",\"Version\":\"1\",\"Level\":\"4\",\"Task\":\"17\",\"Opcode\":\"0\",\"Keywords\":\"0x8000000000000000\",\"TimeCreated\":{\"SystemTime\":\"2023-05-17T10:24:33.2700764Z\"},\"EventRecordID\":\"90359678\",\"Correlation\":\"\",\"Execution\":{\"ProcessID\":\"9264\",\"ThreadID\":\"4564\"},\"Channel\":\"Microsoft-Windows-Sysmon/Operational\",\"Computer\":\"Win10x64-133.testlab.esc\",\"Security\":{\"UserID\":\"S-1-5-18\"}},\"EventData\":{\"Data\":[{\"Name\":\"RuleName\",\"text\":\"-\"},{\"Name\":\"EventType\",\"text\":\"CreatePipe\"},{\"Name\":\"UtcTime\",\"text\":\"2023-05-17 10:24:33.267\"},{\"Name\":\"ProcessGuid\",\"text\":\"{b56fc2d9-ab37-6464-5711-000000005e00}\"},{\"Name\":\"ProcessId\",\"text\":\"5852\"},{\"Name\":\"PipeName\",\"text\":\"\\\\fkkgxm\"},{\"Name\":\"Image\",\"text\":\"C:\\\\Users\\\\yfomina\\\\Downloads\\\\installer.exe\"},{\"Name\":\"User\",\"text\":\"TESTLAB\\\\yfomina\"}]}}}","recv_ipv4":"127.0.0.1","recv_time":"2023-05-20T11:30:38.123Z","task_id":"00000000-0000-0000-0000-000000000000","tag":"some_tag","mime":"application/x-pt-eventlog","normalized":false,"input_id":"00000000-0000-0000-0000-000000000000","type":"raw","uuid":"4a75c38e-8783-4ca0-95b7-6b9ed3a0788e"}
{"body":"{\"Event\":{\"xmlns\":\"http://schemas.microsoft.com/win/2004/08/events/event\",\"System\":{\"Provider\":{\"Name\":\"Microsoft-Windows-Sysmon\",\"Guid\":\"{5770385f-c22a-43e0-bf4c-06f5698ffbd9}\"},\"EventID\":\"18\",\"Version\":\"1\",\"Level\":\"4\",\"Task\":\"18\",\"Opcode\":\"0\",\"Keywords\":\"0x8000000000000000\",\"TimeCreated\":{\"SystemTime\":\"2023-05-17T10:24:33.2963447Z\"},\"EventRecordID\":\"90359686\",\"Correlation\":\"\",\"Execution\":{\"ProcessID\":\"9264\",\"ThreadID\":\"4564\"},\"Channel\":\"Microsoft-Windows-Sysmon/Operational\",\"Computer\":\"Win10x64-133.testlab.esc\",\"Security\":{\"UserID\":\"S-1-5-18\"}},\"EventData\":{\"Data\":[{\"Name\":\"RuleName\",\"text\":\"-\"},{\"Name\":\"EventType\",\"text\":\"ConnectPipe\"},{\"Name\":\"UtcTime\",\"text\":\"2023-05-17 10:24:33.283\"},{\"Name\":\"ProcessGuid\",\"text\":\"{b56fc2d9-ab61-6464-5811-000000005e00}\"},{\"Name\":\"ProcessId\",\"text\":\"10720\"},{\"Name\":\"PipeName\",\"text\":\"\\\\fkkgxm\"},{\"Name\":\"Image\",\"text\":\"C:\\\\WINDOWS\\\\system32\\\\cmd.exe\"},{\"Name\":\"User\",\"text\":\"NT AUTHORITY\\\\SYSTEM\"}]}}}","recv_ipv4":"127.0.0.1","recv_time":"2023-05-20T11:30:38.123Z","task_id":"00000000-0000-0000-0000-000000000000","tag":"some_tag","mime":"application/x-pt-eventlog","normalized":false,"input_id":"00000000-0000-0000-0000-000000000000","type":"raw","uuid":"b05c5d49-e31c-4f96-bf5e-c3212935df6b"}
{"body":"{\"Event\":{\"xmlns\":\"http://schemas.microsoft.com/win/2004/08/events/event\",\"System\":{\"Provider\":{\"Name\":\"Service Control Manager\",\"Guid\":\"{555908d1-a6d7-4695-8e1e-26931d2012f4}\",\"EventSourceName\":\"Service Control Manager\"},\"EventID\":{\"Qualifiers\":\"16384\",\"text\":\"7045\"},\"Version\":\"0\",\"Level\":\"4\",\"Task\":\"0\",\"Opcode\":\"0\",\"Keywords\":\"0x8080000000000000\",\"TimeCreated\":{\"SystemTime\":\"2023-05-17T10:24:33.2678382Z\"},\"EventRecordID\":\"117960\",\"Correlation\":\"\",\"Execution\":{\"ProcessID\":\"660\",\"ThreadID\":\"6052\"},\"Channel\":\"System\",\"Computer\":\"Win10x64-133.testlab.esc\",\"Security\":{\"UserID\":\"S-1-5-21-1129291328-2819992169-918366777-1113\"}},\"EventData\":{\"Data\":[{\"Name\":\"ServiceName\",\"text\":\"fkkgxm\"},{\"Name\":\"ImagePath\",\"text\":\"cmd.exe /c echo fkkgxm >\\\\\\\\.\\\\pipe\\\\fkkgxm\"},{\"Name\":\"ServiceType\",\"text\":\"user mode service\"},{\"Name\":\"StartType\",\"text\":\"demand start\"},{\"Name\":\"AccountName\",\"text\":\"LocalSystem\"}]}}}","recv_ipv4":"127.0.0.1","recv_time":"2023-05-20T11:30:38.123Z","task_id":"00000000-0000-0000-0000-000000000000","tag":"some_tag","mime":"application/x-pt-eventlog","normalized":false,"input_id":"00000000-0000-0000-0000-000000000000","type":"raw","uuid":"2c08367a-9497-4256-b3eb-95edf32d130a"}