{"body":"{\"Event\":{\"xmlns\":\"http://schemas.microsoft.com/win/2004/08/events/event\",\"System\":{\"Provider\":{\"Name\":\"Microsoft-Windows-Security-Auditing\",\"Guid\":\"{54849625-5478-4994-a5ba-3e3b0328c30d}\"},\"EventID\":\"5145\",\"Version\":\"0\",\"Level\":\"0\",\"Task\":\"12811\",\"Opcode\":\"0\",\"Keywords\":\"0x8020000000000000\",\"TimeCreated\":{\"SystemTime\":\"2023-05-17T12:08:40.8961838Z\"},\"EventRecordID\":\"42239824\",\"Correlation\":\"\",\"Execution\":{\"ProcessID\":\"4\",\"ThreadID\":\"2460\"},\"Channel\":\"Security\",\"Computer\":\"Win10x64-133.testlab.esc\",\"Security\":\"\"},\"EventData\":{\"Data\":[{\"Name\":\"SubjectUserSid\",\"text\":\"S-1-5-21-1129291328-2819992169-918366777-1113\"},{\"Name\":\"SubjectUserName\",\"text\":\"yfomina\"},{\"Name\":\"SubjectDomainName\",\"text\":\"TESTLAB\"},{\"Name\":\"SubjectLogonId\",\"text\":\"0x48f85a9\"},{\"Name\":\"ObjectType\",\"text\":\"File\"},{\"Name\":\"IpAddress\",\"text\":\"::1\"},{\"Name\":\"IpPort\",\"text\":\"55676\"},{\"Name\":\"ShareName\",\"text\":\"\\\\\\\\*\\\\IPC$\"},{\"Name\":\"ShareLocalPath\"},{\"Name\":\"RelativeTargetName\",\"text\":\"0029482318be6784\"},{\"Name\":\"AccessMask\",\"text\":\"0x12019f\"},{\"Name\":\"AccessList\",\"text\":\"%%1538 %%1541 %%4416 %%4417 %%4418 %%4419 %%4420 %%4423 %%4424\"},{\"Name\":\"AccessReason\",\"text\":\"-\"}]}}}","recv_ipv4":"127.0.0.1","recv_time":"2023-05-20T12:03:22.271Z","task_id":"00000000-0000-0000-0000-000000000000","tag":"some_tag","mime":"application/x-pt-eventlog","normalized":false,"input_id":"00000000-0000-0000-0000-000000000000","type":"raw","uuid":"2ecd866e-b08f-4694-aa9c-365d043b0538"}
{"body":"{\"Event\":{\"xmlns\":\"http://schemas.microsoft.com/win/2004/08/events/event\",\"System\":{\"Provider\":{\"Name\":\"Microsoft-Windows-Sysmon\",\"Guid\":\"{5770385f-c22a-43e0-bf4c-06f5698ffbd9}\"},\"EventID\":\"18\",\"Version\":\"1\",\"Level\":\"4\",\"Task\":\"18\",\"Opcode\":\"0\",\"Keywords\":\"0x8000000000000000\",\"TimeCreated\":{\"SystemTime\":\"2023-05-17T12:08:40.8964310Z\"},\"EventRecordID\":\"90395393\",\"Correlation\":\"\",\"Execution\":{\"ProcessID\":\"4200\",\"ThreadID\":\"13908\"},\"Channel\":\"Microsoft-Windows-Sysmon/Operational\",\"Computer\":\"Win10x64-133.testlab.esc\",\"Security\":{\"UserID\":\"S-1-5-18\"}},\"EventData\":{\"Data\":[{\"Name\":\"RuleName\",\"text\":\"-\"},{\"Name\":\"EventType\",\"text\":\"ConnectPipe\"},{\"Name\":\"UtcTime\",\"text\":\"2023-05-17 12:08:40.887\"},{\"Name\":\"ProcessGuid\",\"text\":\"{b56fc2d9-ea50-6454-eb03-000000000000}\"},{\"Name\":\"ProcessId\",\"text\":\"4\"},{\"Name\":\"PipeName\",\"text\":\"\\\\0029482318be6784\"},{\"Name\":\"Image\",\"text\":\"System\"},{\"Name\":\"User\",\"text\":\"NT AUTHORITY\\\\SYSTEM\"}]}}}","recv_ipv4":"127.0.0.1","recv_time":"2023-05-20T12:03:22.271Z","task_id":"00000000-0000-0000-0000-000000000000","tag":"some_tag","mime":"application/x-pt-eventlog","normalized":false,"input_id":"00000000-0000-0000-0000-000000000000","type":"raw","uuid":"bf1cf59f-425f-457c-9457-7a8b36129c91"}
{"body":"{\"Event\":{\"xmlns\":\"http://schemas.microsoft.com/win/2004/08/events/event\",\"System\":{\"Provider\":{\"Name\":\"Microsoft-Windows-Sysmon\",\"Guid\":\"{5770385f-c22a-43e0-bf4c-06f5698ffbd9}\"},\"EventID\":\"17\",\"Version\":\"1\",\"Level\":\"4\",\"Task\":\"17\",\"Opcode\":\"0\",\"Keywords\":\"0x8000000000000000\",\"TimeCreated\":{\"SystemTime\":\"2023-05-17T12:08:40.8784795Z\"},\"EventRecordID\":\"90395390\",\"Correlation\":\"\",\"Execution\":{\"ProcessID\":\"4200\",\"ThreadID\":\"13908\"},\"Channel\":\"Microsoft-Windows-Sysmon/Operational\",\"Computer\":\"Win10x64-133.testlab.esc\",\"Security\":{\"UserID\":\"S-1-5-18\"}},\"EventData\":{\"Data\":[{\"Name\":\"RuleName\",\"text\":\"-\"},{\"Name\":\"EventType\",\"text\":\"CreatePipe\"},{\"Name\":\"UtcTime\",\"text\":\"2023-05-17 12:08:40.869\"},{\"Name\":\"ProcessGuid\",\"text\":\"{b56fc2d9-ab37-6464-5711-000000005e00}\"},{\"Name\":\"ProcessId\",\"text\":\"5852\"},{\"Name\":\"PipeName\",\"text\":\"\\\\0029482318be6784\"},{\"Name\":\"Image\",\"text\":\"C:\\\\Users\\\\yfomina\\\\Downloads\\\\installer.exe\"},{\"Name\":\"User\",\"text\":\"TESTLAB\\\\yfomina\"}]}}}","recv_ipv4":"127.0.0.1","recv_time":"2023-05-20T12:03:22.271Z","task_id":"00000000-0000-0000-0000-000000000000","tag":"some_tag","mime":"application/x-pt-eventlog","normalized":false,"input_id":"00000000-0000-0000-0000-000000000000","type":"raw","uuid":"5bbddf39-aba6-4054-9c85-6125dfca64dc"}