{"body":"{\"Event\":{\"xmlns\":\"http://schemas.microsoft.com/win/2004/08/events/event\",\"System\":{\"Provider\":{\"Name\":\"Microsoft-Windows-Sysmon\",\"Guid\":\"{5770385f-c22a-43e0-bf4c-06f5698ffbd9}\"},\"EventID\":\"17\",\"Version\":\"1\",\"Level\":\"4\",\"Task\":\"17\",\"Opcode\":\"0\",\"Keywords\":\"0x8000000000000000\",\"TimeCreated\":{\"SystemTime\":\"2023-05-17T12:07:45.7662329Z\"},\"EventRecordID\":\"90395131\",\"Correlation\":\"\",\"Execution\":{\"ProcessID\":\"4200\",\"ThreadID\":\"13908\"},\"Channel\":\"Microsoft-Windows-Sysmon/Operational\",\"Computer\":\"Win10x64-133.testlab.esc\",\"Security\":{\"UserID\":\"S-1-5-18\"}},\"EventData\":{\"Data\":[{\"Name\":\"RuleName\",\"text\":\"-\"},{\"Name\":\"EventType\",\"text\":\"CreatePipe\"},{\"Name\":\"UtcTime\",\"text\":\"2023-05-17 12:07:45.760\"},{\"Name\":\"ProcessGuid\",\"text\":\"{b56fc2d9-ab37-6464-5711-000000005e00}\"},{\"Name\":\"ProcessId\",\"text\":\"5852\"},{\"Name\":\"PipeName\",\"text\":\"\\\\pdxxuf\"},{\"Name\":\"Image\",\"text\":\"C:\\\\Users\\\\yfomina\\\\Downloads\\\\installer.exe\"},{\"Name\":\"User\",\"text\":\"TESTLAB\\\\yfomina\"}]}}}","recv_ipv4":"127.0.0.1","recv_time":"2023-05-20T11:57:31.328Z","task_id":"00000000-0000-0000-0000-000000000000","tag":"some_tag","mime":"application/x-pt-eventlog","normalized":false,"input_id":"00000000-0000-0000-0000-000000000000","type":"raw","uuid":"1355e6e8-8fba-4e4c-afc0-1a0828b0ae2b"}
{"body":"{\"Event\":{\"xmlns\":\"http://schemas.microsoft.com/win/2004/08/events/event\",\"System\":{\"Provider\":{\"Name\":\"Microsoft-Windows-Sysmon\",\"Guid\":\"{5770385f-c22a-43e0-bf4c-06f5698ffbd9}\"},\"EventID\":\"18\",\"Version\":\"1\",\"Level\":\"4\",\"Task\":\"18\",\"Opcode\":\"0\",\"Keywords\":\"0x8000000000000000\",\"TimeCreated\":{\"SystemTime\":\"2023-05-17T12:07:45.9872895Z\"},\"EventRecordID\":\"90395139\",\"Correlation\":\"\",\"Execution\":{\"ProcessID\":\"4200\",\"ThreadID\":\"13908\"},\"Channel\":\"Microsoft-Windows-Sysmon/Operational\",\"Computer\":\"Win10x64-133.testlab.esc\",\"Security\":{\"UserID\":\"S-1-5-18\"}},\"EventData\":{\"Data\":[{\"Name\":\"RuleName\",\"text\":\"-\"},{\"Name\":\"EventType\",\"text\":\"ConnectPipe\"},{\"Name\":\"UtcTime\",\"text\":\"2023-05-17 12:07:45.979\"},{\"Name\":\"ProcessGuid\",\"text\":\"{b56fc2d9-c391-6464-1412-000000005e00}\"},{\"Name\":\"ProcessId\",\"text\":\"13856\"},{\"Name\":\"PipeName\",\"text\":\"\\\\pdxxuf\"},{\"Name\":\"Image\",\"text\":\"C:\\\\WINDOWS\\\\system32\\\\rundll32.exe\"},{\"Name\":\"User\",\"text\":\"NT AUTHORITY\\\\SYSTEM\"}]}}}","recv_ipv4":"127.0.0.1","recv_time":"2023-05-20T11:57:31.328Z","task_id":"00000000-0000-0000-0000-000000000000","tag":"some_tag","mime":"application/x-pt-eventlog","normalized":false,"input_id":"00000000-0000-0000-0000-000000000000","type":"raw","uuid":"18419f52-6dfe-4de4-a9df-60220d170138"}
{"body":"{\"Event\":{\"xmlns\":\"http://schemas.microsoft.com/win/2004/08/events/event\",\"System\":{\"Provider\":{\"Name\":\"Service Control Manager\",\"Guid\":\"{555908d1-a6d7-4695-8e1e-26931d2012f4}\",\"EventSourceName\":\"Service Control Manager\"},\"EventID\":{\"Qualifiers\":\"16384\",\"text\":\"7045\"},\"Version\":\"0\",\"Level\":\"4\",\"Task\":\"0\",\"Opcode\":\"0\",\"Keywords\":\"0x8080000000000000\",\"TimeCreated\":{\"SystemTime\":\"2023-05-17T12:07:45.7609721Z\"},\"EventRecordID\":\"117972\",\"Correlation\":\"\",\"Execution\":{\"ProcessID\":\"660\",\"ThreadID\":\"12720\"},\"Channel\":\"System\",\"Computer\":\"Win10x64-133.testlab.esc\",\"Security\":{\"UserID\":\"S-1-5-21-1129291328-2819992169-918366777-1113\"}},\"EventData\":{\"Data\":[{\"Name\":\"ServiceName\",\"text\":\"pdxxuf\"},{\"Name\":\"ImagePath\",\"text\":\"rundll32.exe C:\\\\Users\\\\yfomina\\\\AppData\\\\Local\\\\Temp\\\\pdxxuf.dll,a /p:pdxxuf\"},{\"Name\":\"ServiceType\",\"text\":\"user mode service\"},{\"Name\":\"StartType\",\"text\":\"demand start\"},{\"Name\":\"AccountName\",\"text\":\"LocalSystem\"}]}}}","recv_ipv4":"127.0.0.1","recv_time":"2023-05-20T11:57:31.328Z","task_id":"00000000-0000-0000-0000-000000000000","tag":"some_tag","mime":"application/x-pt-eventlog","normalized":false,"input_id":"00000000-0000-0000-0000-000000000000","type":"raw","uuid":"5a23eb15-74f6-48d3-8ae5-70a7ae447c99"}